<?xml version="1.0" encoding="UTF-8"?>
<testng-results ignored="0" total="3" passed="3" failed="0" skipped="0">
  <reporter-output>
  </reporter-output>
  <suite started-at="2025-04-06T13:56:02 IST" name="OrangeHRMSuite" finished-at="2025-04-06T13:56:38 IST" duration-ms="35736">
    <groups>
    </groups>
    <test started-at="2025-04-06T13:56:02 IST" name="OrangeHRMTest" finished-at="2025-04-06T13:56:38 IST" duration-ms="35736">
      <class name="com.orangehrm.test.DummyClass">
        <test-method is-config="true" signature="beforeSuite()[pri:0, instance:com.orangehrm.test.DummyClass@75f65e45]" started-at="2025-04-06T13:56:02 IST" name="beforeSuite" finished-at="2025-04-06T13:56:02 IST" duration-ms="178" status="PASS">
          <reporter-output>
          </reporter-output>
        </test-method> <!-- beforeSuite -->
        <test-method is-config="true" signature="beforeTest()[pri:0, instance:com.orangehrm.test.DummyClass@75f65e45]" started-at="2025-04-06T13:56:02 IST" name="beforeTest" finished-at="2025-04-06T13:56:02 IST" duration-ms="0" status="PASS">
          <reporter-output>
          </reporter-output>
        </test-method> <!-- beforeTest -->
        <test-method is-config="true" signature="beforeClass()[pri:0, instance:com.orangehrm.test.DummyClass@75f65e45]" started-at="2025-04-06T13:56:02 IST" name="beforeClass" finished-at="2025-04-06T13:56:02 IST" duration-ms="0" status="PASS">
          <reporter-output>
          </reporter-output>
        </test-method> <!-- beforeClass -->
        <test-method is-config="true" signature="setup(java.lang.reflect.Method)[pri:0, instance:com.orangehrm.test.DummyClass@75f65e45]" started-at="2025-04-06T13:56:02 IST" name="setup" finished-at="2025-04-06T13:56:06 IST" duration-ms="4294" status="PASS">
          <params>
            <param index="0">
              <value>
                <![CDATA[public void com.orangehrm.test.DummyClass.titleMatch(java.lang.String,java.lang.String) throws java.lang.InterruptedException]]>
              </value>
            </param>
          </params>
          <reporter-output>
          </reporter-output>
        </test-method> <!-- setup -->
        <test-method signature="titleMatch(java.lang.String,java.lang.String)[pri:0, instance:com.orangehrm.test.DummyClass@75f65e45]" started-at="2025-04-06T13:56:06 IST" name="titleMatch" data-provider="DataProvider" finished-at="2025-04-06T13:56:12 IST" duration-ms="5052" status="PASS">
          <params>
            <param index="0">
              <value>
                <![CDATA[admin]]>
              </value>
            </param>
            <param index="1">
              <value>
                <![CDATA[admin123]]>
              </value>
            </param>
          </params>
          <reporter-output>
          </reporter-output>
        </test-method> <!-- titleMatch -->
        <test-method is-config="true" signature="tearDown(org.testng.ITestResult,java.lang.reflect.Method)[pri:0, instance:com.orangehrm.test.DummyClass@75f65e45]" started-at="2025-04-06T13:56:12 IST" name="tearDown" finished-at="2025-04-06T13:56:12 IST" duration-ms="465" status="PASS">
          <params>
            <param index="0">
              <value>
                <![CDATA[[TestResult name=titleMatch status=SUCCESS method=DummyClass.titleMatch(java.lang.String,java.lang.String)[pri:0, instance:com.orangehrm.test.DummyClass@75f65e45] output={null}]]]>
              </value>
            </param>
            <param index="1">
              <value>
                <![CDATA[public void com.orangehrm.test.DummyClass.titleMatch(java.lang.String,java.lang.String) throws java.lang.InterruptedException]]>
              </value>
            </param>
          </params>
          <reporter-output>
          </reporter-output>
        </test-method> <!-- tearDown -->
        <test-method is-config="true" signature="afterClass()[pri:0, instance:com.orangehrm.test.DummyClass@75f65e45]" started-at="2025-04-06T13:56:12 IST" name="afterClass" finished-at="2025-04-06T13:56:12 IST" duration-ms="1" status="PASS">
          <reporter-output>
          </reporter-output>
        </test-method> <!-- afterClass -->
        <test-method is-config="true" signature="afterTest()[pri:0, instance:com.orangehrm.test.DummyClass@75f65e45]" started-at="2025-04-06T13:56:38 IST" name="afterTest" finished-at="2025-04-06T13:56:38 IST" duration-ms="0" status="PASS">
          <reporter-output>
          </reporter-output>
        </test-method> <!-- afterTest -->
        <test-method is-config="true" signature="afterSuite()[pri:0, instance:com.orangehrm.test.DummyClass@75f65e45]" started-at="2025-04-06T13:56:38 IST" name="afterSuite" finished-at="2025-04-06T13:56:38 IST" duration-ms="0" status="PASS">
          <reporter-output>
          </reporter-output>
        </test-method> <!-- afterSuite -->
      </class> <!-- com.orangehrm.test.DummyClass -->
      <class name="com.orangehrm.test.APITest">
        <test-method is-config="true" signature="beforeClass()[pri:0, instance:com.orangehrm.test.APITest@2313052e]" started-at="2025-04-06T13:56:30 IST" name="beforeClass" finished-at="2025-04-06T13:56:30 IST" duration-ms="0" status="PASS">
          <reporter-output>
          </reporter-output>
        </test-method> <!-- beforeClass -->
        <test-method is-config="true" signature="setup(java.lang.reflect.Method)[pri:0, instance:com.orangehrm.test.APITest@2313052e]" started-at="2025-04-06T13:56:30 IST" name="setup" finished-at="2025-04-06T13:56:34 IST" duration-ms="3617" status="PASS">
          <params>
            <param index="0">
              <value>
                <![CDATA[public void com.orangehrm.test.APITest.verifyAPITest(java.lang.reflect.Method) throws java.lang.InterruptedException]]>
              </value>
            </param>
          </params>
          <reporter-output>
          </reporter-output>
        </test-method> <!-- setup -->
        <test-method signature="verifyAPITest(java.lang.reflect.Method)[pri:0, instance:com.orangehrm.test.APITest@2313052e]" started-at="2025-04-06T13:56:34 IST" name="verifyAPITest" finished-at="2025-04-06T13:56:37 IST" duration-ms="3457" status="PASS">
          <params>
            <param index="0">
              <value>
                <![CDATA[public void com.orangehrm.test.APITest.verifyAPITest(java.lang.reflect.Method) throws java.lang.InterruptedException]]>
              </value>
            </param>
          </params>
          <reporter-output>
          </reporter-output>
        </test-method> <!-- verifyAPITest -->
        <test-method is-config="true" signature="tearDown(org.testng.ITestResult,java.lang.reflect.Method)[pri:0, instance:com.orangehrm.test.APITest@2313052e]" started-at="2025-04-06T13:56:37 IST" name="tearDown" finished-at="2025-04-06T13:56:38 IST" duration-ms="241" status="PASS">
          <params>
            <param index="0">
              <value>
                <![CDATA[[TestResult name=verifyAPITest status=SUCCESS method=APITest.verifyAPITest(java.lang.reflect.Method)[pri:0, instance:com.orangehrm.test.APITest@2313052e] output={null}]]]>
              </value>
            </param>
            <param index="1">
              <value>
                <![CDATA[public void com.orangehrm.test.APITest.verifyAPITest(java.lang.reflect.Method) throws java.lang.InterruptedException]]>
              </value>
            </param>
          </params>
          <reporter-output>
          </reporter-output>
        </test-method> <!-- tearDown -->
        <test-method is-config="true" signature="afterClass()[pri:0, instance:com.orangehrm.test.APITest@2313052e]" started-at="2025-04-06T13:56:38 IST" name="afterClass" finished-at="2025-04-06T13:56:38 IST" duration-ms="0" status="PASS">
          <reporter-output>
          </reporter-output>
        </test-method> <!-- afterClass -->
      </class> <!-- com.orangehrm.test.APITest -->
      <class name="com.orangehrm.test.LoginPageTest">
        <test-method is-config="true" signature="beforeClass()[pri:0, instance:com.orangehrm.test.LoginPageTest@7756c3cd]" started-at="2025-04-06T13:56:12 IST" name="beforeClass" finished-at="2025-04-06T13:56:12 IST" duration-ms="0" status="PASS">
          <reporter-output>
          </reporter-output>
        </test-method> <!-- beforeClass -->
        <test-method is-config="true" signature="setup(java.lang.reflect.Method)[pri:0, instance:com.orangehrm.test.LoginPageTest@7756c3cd]" started-at="2025-04-06T13:56:12 IST" name="setup" finished-at="2025-04-06T13:56:16 IST" duration-ms="3522" status="PASS">
          <params>
            <param index="0">
              <value>
                <![CDATA[public void com.orangehrm.test.LoginPageTest.verifyLoginTest(java.lang.String,java.lang.String) throws java.lang.InterruptedException]]>
              </value>
            </param>
          </params>
          <reporter-output>
          </reporter-output>
        </test-method> <!-- setup -->
        <test-method signature="verifyLoginTest(java.lang.String,java.lang.String)[pri:0, instance:com.orangehrm.test.LoginPageTest@7756c3cd]" started-at="2025-04-06T13:56:16 IST" name="verifyLoginTest" data-provider="DataProvider" finished-at="2025-04-06T13:56:30 IST" duration-ms="14473" status="PASS">
          <params>
            <param index="0">
              <value>
                <![CDATA[admin]]>
              </value>
            </param>
            <param index="1">
              <value>
                <![CDATA[admin123]]>
              </value>
            </param>
          </params>
          <reporter-output>
          </reporter-output>
        </test-method> <!-- verifyLoginTest -->
        <test-method is-config="true" signature="tearDown(org.testng.ITestResult,java.lang.reflect.Method)[pri:0, instance:com.orangehrm.test.LoginPageTest@7756c3cd]" started-at="2025-04-06T13:56:30 IST" name="tearDown" finished-at="2025-04-06T13:56:30 IST" duration-ms="261" status="PASS">
          <params>
            <param index="0">
              <value>
                <![CDATA[[TestResult name=verifyLoginTest status=SUCCESS method=LoginPageTest.verifyLoginTest(java.lang.String,java.lang.String)[pri:0, instance:com.orangehrm.test.LoginPageTest@7756c3cd] output={null}]]]>
              </value>
            </param>
            <param index="1">
              <value>
                <![CDATA[public void com.orangehrm.test.LoginPageTest.verifyLoginTest(java.lang.String,java.lang.String) throws java.lang.InterruptedException]]>
              </value>
            </param>
          </params>
          <reporter-output>
          </reporter-output>
        </test-method> <!-- tearDown -->
        <test-method is-config="true" signature="afterClass()[pri:0, instance:com.orangehrm.test.LoginPageTest@7756c3cd]" started-at="2025-04-06T13:56:30 IST" name="afterClass" finished-at="2025-04-06T13:56:30 IST" duration-ms="0" status="PASS">
          <reporter-output>
          </reporter-output>
        </test-method> <!-- afterClass -->
      </class> <!-- com.orangehrm.test.LoginPageTest -->
    </test> <!-- OrangeHRMTest -->
  </suite> <!-- OrangeHRMSuite -->
</testng-results>
