<?xml version="1.0" encoding="UTF-8"?>
<testng-results ignored="0" total="4" passed="4" failed="0" skipped="0">
  <reporter-output>
  </reporter-output>
  <suite started-at="2025-04-06T11:25:16 IST" name="OrangeHRMSuite" finished-at="2025-04-06T11:25:54 IST" duration-ms="38106">
    <groups>
    </groups>
    <test started-at="2025-04-06T11:25:16 IST" name="OrangeHRMTest" finished-at="2025-04-06T11:25:54 IST" duration-ms="38106">
      <class name="com.orangehrm.test.DBTest">
        <test-method is-config="true" signature="beforeClass()[pri:0, instance:com.orangehrm.test.DBTest@16746061]" started-at="2025-04-06T11:25:44 IST" name="beforeClass" finished-at="2025-04-06T11:25:44 IST" duration-ms="0" status="PASS">
          <reporter-output>
          </reporter-output>
        </test-method> <!-- beforeClass -->
        <test-method is-config="true" signature="setup(java.lang.reflect.Method)[pri:0, instance:com.orangehrm.test.DBTest@16746061]" started-at="2025-04-06T11:25:44 IST" name="setup" finished-at="2025-04-06T11:25:48 IST" duration-ms="3617" status="PASS">
          <params>
            <param index="0">
              <value>
                <![CDATA[public void com.orangehrm.test.DBTest.dbData(java.lang.String,java.lang.String) throws java.lang.InterruptedException]]>
              </value>
            </param>
          </params>
          <reporter-output>
          </reporter-output>
        </test-method> <!-- setup -->
        <test-method signature="dbData(java.lang.String,java.lang.String)[pri:0, instance:com.orangehrm.test.DBTest@16746061]" started-at="2025-04-06T11:25:48 IST" name="dbData" data-provider="DataProvider" finished-at="2025-04-06T11:25:48 IST" duration-ms="273" status="PASS">
          <params>
            <param index="0">
              <value>
                <![CDATA[admin]]>
              </value>
            </param>
            <param index="1">
              <value>
                <![CDATA[admin123]]>
              </value>
            </param>
          </params>
          <reporter-output>
          </reporter-output>
        </test-method> <!-- dbData -->
        <test-method is-config="true" signature="tearDown(org.testng.ITestResult,java.lang.reflect.Method)[pri:0, instance:com.orangehrm.test.DBTest@16746061]" started-at="2025-04-06T11:25:48 IST" name="tearDown" finished-at="2025-04-06T11:25:48 IST" duration-ms="168" status="PASS">
          <params>
            <param index="0">
              <value>
                <![CDATA[[TestResult name=dbData status=SUCCESS method=DBTest.dbData(java.lang.String,java.lang.String)[pri:0, instance:com.orangehrm.test.DBTest@16746061] output={null}]]]>
              </value>
            </param>
            <param index="1">
              <value>
                <![CDATA[public void com.orangehrm.test.DBTest.dbData(java.lang.String,java.lang.String) throws java.lang.InterruptedException]]>
              </value>
            </param>
          </params>
          <reporter-output>
          </reporter-output>
        </test-method> <!-- tearDown -->
        <test-method is-config="true" signature="afterClass()[pri:0, instance:com.orangehrm.test.DBTest@16746061]" started-at="2025-04-06T11:25:48 IST" name="afterClass" finished-at="2025-04-06T11:25:48 IST" duration-ms="0" status="PASS">
          <reporter-output>
          </reporter-output>
        </test-method> <!-- afterClass -->
      </class> <!-- com.orangehrm.test.DBTest -->
      <class name="com.orangehrm.test.DummyClass">
        <test-method is-config="true" signature="beforeSuite()[pri:0, instance:com.orangehrm.test.DummyClass@4a891c97]" started-at="2025-04-06T11:25:16 IST" name="beforeSuite" finished-at="2025-04-06T11:25:16 IST" duration-ms="178" status="PASS">
          <reporter-output>
          </reporter-output>
        </test-method> <!-- beforeSuite -->
        <test-method is-config="true" signature="beforeTest()[pri:0, instance:com.orangehrm.test.DummyClass@4a891c97]" started-at="2025-04-06T11:25:16 IST" name="beforeTest" finished-at="2025-04-06T11:25:16 IST" duration-ms="0" status="PASS">
          <reporter-output>
          </reporter-output>
        </test-method> <!-- beforeTest -->
        <test-method is-config="true" signature="beforeClass()[pri:0, instance:com.orangehrm.test.DummyClass@4a891c97]" started-at="2025-04-06T11:25:16 IST" name="beforeClass" finished-at="2025-04-06T11:25:16 IST" duration-ms="0" status="PASS">
          <reporter-output>
          </reporter-output>
        </test-method> <!-- beforeClass -->
        <test-method is-config="true" signature="setup(java.lang.reflect.Method)[pri:0, instance:com.orangehrm.test.DummyClass@4a891c97]" started-at="2025-04-06T11:25:16 IST" name="setup" finished-at="2025-04-06T11:25:21 IST" duration-ms="5158" status="PASS">
          <params>
            <param index="0">
              <value>
                <![CDATA[public void com.orangehrm.test.DummyClass.titleMatch(java.lang.String,java.lang.String) throws java.lang.InterruptedException]]>
              </value>
            </param>
          </params>
          <reporter-output>
          </reporter-output>
        </test-method> <!-- setup -->
        <test-method signature="titleMatch(java.lang.String,java.lang.String)[pri:0, instance:com.orangehrm.test.DummyClass@4a891c97]" started-at="2025-04-06T11:25:21 IST" name="titleMatch" data-provider="DataProvider" finished-at="2025-04-06T11:25:26 IST" duration-ms="5077" status="PASS">
          <params>
            <param index="0">
              <value>
                <![CDATA[admin]]>
              </value>
            </param>
            <param index="1">
              <value>
                <![CDATA[admin123]]>
              </value>
            </param>
          </params>
          <reporter-output>
          </reporter-output>
        </test-method> <!-- titleMatch -->
        <test-method is-config="true" signature="tearDown(org.testng.ITestResult,java.lang.reflect.Method)[pri:0, instance:com.orangehrm.test.DummyClass@4a891c97]" started-at="2025-04-06T11:25:26 IST" name="tearDown" finished-at="2025-04-06T11:25:27 IST" duration-ms="487" status="PASS">
          <params>
            <param index="0">
              <value>
                <![CDATA[[TestResult name=titleMatch status=SUCCESS method=DummyClass.titleMatch(java.lang.String,java.lang.String)[pri:0, instance:com.orangehrm.test.DummyClass@4a891c97] output={null}]]]>
              </value>
            </param>
            <param index="1">
              <value>
                <![CDATA[public void com.orangehrm.test.DummyClass.titleMatch(java.lang.String,java.lang.String) throws java.lang.InterruptedException]]>
              </value>
            </param>
          </params>
          <reporter-output>
          </reporter-output>
        </test-method> <!-- tearDown -->
        <test-method is-config="true" signature="afterClass()[pri:0, instance:com.orangehrm.test.DummyClass@4a891c97]" started-at="2025-04-06T11:25:27 IST" name="afterClass" finished-at="2025-04-06T11:25:27 IST" duration-ms="0" status="PASS">
          <reporter-output>
          </reporter-output>
        </test-method> <!-- afterClass -->
        <test-method is-config="true" signature="afterTest()[pri:0, instance:com.orangehrm.test.DummyClass@4a891c97]" started-at="2025-04-06T11:25:54 IST" name="afterTest" finished-at="2025-04-06T11:25:54 IST" duration-ms="0" status="PASS">
          <reporter-output>
          </reporter-output>
        </test-method> <!-- afterTest -->
        <test-method is-config="true" signature="afterSuite()[pri:0, instance:com.orangehrm.test.DummyClass@4a891c97]" started-at="2025-04-06T11:25:54 IST" name="afterSuite" finished-at="2025-04-06T11:25:54 IST" duration-ms="0" status="PASS">
          <reporter-output>
          </reporter-output>
        </test-method> <!-- afterSuite -->
      </class> <!-- com.orangehrm.test.DummyClass -->
      <class name="com.orangehrm.test.APITest">
        <test-method is-config="true" signature="beforeClass()[pri:0, instance:com.orangehrm.test.APITest@57fd91c9]" started-at="2025-04-06T11:25:48 IST" name="beforeClass" finished-at="2025-04-06T11:25:48 IST" duration-ms="2" status="PASS">
          <reporter-output>
          </reporter-output>
        </test-method> <!-- beforeClass -->
        <test-method is-config="true" signature="setup(java.lang.reflect.Method)[pri:0, instance:com.orangehrm.test.APITest@57fd91c9]" started-at="2025-04-06T11:25:48 IST" name="setup" finished-at="2025-04-06T11:25:52 IST" duration-ms="3601" status="PASS">
          <params>
            <param index="0">
              <value>
                <![CDATA[public void com.orangehrm.test.APITest.verifyAPITest(java.lang.reflect.Method) throws java.lang.InterruptedException]]>
              </value>
            </param>
          </params>
          <reporter-output>
          </reporter-output>
        </test-method> <!-- setup -->
        <test-method signature="verifyAPITest(java.lang.reflect.Method)[pri:0, instance:com.orangehrm.test.APITest@57fd91c9]" started-at="2025-04-06T11:25:52 IST" name="verifyAPITest" finished-at="2025-04-06T11:25:54 IST" duration-ms="1832" status="PASS">
          <params>
            <param index="0">
              <value>
                <![CDATA[public void com.orangehrm.test.APITest.verifyAPITest(java.lang.reflect.Method) throws java.lang.InterruptedException]]>
              </value>
            </param>
          </params>
          <reporter-output>
          </reporter-output>
        </test-method> <!-- verifyAPITest -->
        <test-method is-config="true" signature="tearDown(org.testng.ITestResult,java.lang.reflect.Method)[pri:0, instance:com.orangehrm.test.APITest@57fd91c9]" started-at="2025-04-06T11:25:54 IST" name="tearDown" finished-at="2025-04-06T11:25:54 IST" duration-ms="146" status="PASS">
          <params>
            <param index="0">
              <value>
                <![CDATA[[TestResult name=verifyAPITest status=SUCCESS method=APITest.verifyAPITest(java.lang.reflect.Method)[pri:0, instance:com.orangehrm.test.APITest@57fd91c9] output={null}]]]>
              </value>
            </param>
            <param index="1">
              <value>
                <![CDATA[public void com.orangehrm.test.APITest.verifyAPITest(java.lang.reflect.Method) throws java.lang.InterruptedException]]>
              </value>
            </param>
          </params>
          <reporter-output>
          </reporter-output>
        </test-method> <!-- tearDown -->
        <test-method is-config="true" signature="afterClass()[pri:0, instance:com.orangehrm.test.APITest@57fd91c9]" started-at="2025-04-06T11:25:54 IST" name="afterClass" finished-at="2025-04-06T11:25:54 IST" duration-ms="0" status="PASS">
          <reporter-output>
          </reporter-output>
        </test-method> <!-- afterClass -->
      </class> <!-- com.orangehrm.test.APITest -->
      <class name="com.orangehrm.test.LoginPageTest">
        <test-method is-config="true" signature="beforeClass()[pri:0, instance:com.orangehrm.test.LoginPageTest@2bd2b28e]" started-at="2025-04-06T11:25:27 IST" name="beforeClass" finished-at="2025-04-06T11:25:27 IST" duration-ms="1" status="PASS">
          <reporter-output>
          </reporter-output>
        </test-method> <!-- beforeClass -->
        <test-method is-config="true" signature="setup(java.lang.reflect.Method)[pri:0, instance:com.orangehrm.test.LoginPageTest@2bd2b28e]" started-at="2025-04-06T11:25:27 IST" name="setup" finished-at="2025-04-06T11:25:31 IST" duration-ms="3809" status="PASS">
          <params>
            <param index="0">
              <value>
                <![CDATA[public void com.orangehrm.test.LoginPageTest.verifyLoginTest(java.lang.String,java.lang.String) throws java.lang.InterruptedException]]>
              </value>
            </param>
          </params>
          <reporter-output>
          </reporter-output>
        </test-method> <!-- setup -->
        <test-method signature="verifyLoginTest(java.lang.String,java.lang.String)[pri:0, instance:com.orangehrm.test.LoginPageTest@2bd2b28e]" started-at="2025-04-06T11:25:31 IST" name="verifyLoginTest" data-provider="DataProvider" finished-at="2025-04-06T11:25:44 IST" duration-ms="13275" status="PASS">
          <params>
            <param index="0">
              <value>
                <![CDATA[admin]]>
              </value>
            </param>
            <param index="1">
              <value>
                <![CDATA[admin123]]>
              </value>
            </param>
          </params>
          <reporter-output>
          </reporter-output>
        </test-method> <!-- verifyLoginTest -->
        <test-method is-config="true" signature="tearDown(org.testng.ITestResult,java.lang.reflect.Method)[pri:0, instance:com.orangehrm.test.LoginPageTest@2bd2b28e]" started-at="2025-04-06T11:25:44 IST" name="tearDown" finished-at="2025-04-06T11:25:44 IST" duration-ms="263" status="PASS">
          <params>
            <param index="0">
              <value>
                <![CDATA[[TestResult name=verifyLoginTest status=SUCCESS method=LoginPageTest.verifyLoginTest(java.lang.String,java.lang.String)[pri:0, instance:com.orangehrm.test.LoginPageTest@2bd2b28e] output={null}]]]>
              </value>
            </param>
            <param index="1">
              <value>
                <![CDATA[public void com.orangehrm.test.LoginPageTest.verifyLoginTest(java.lang.String,java.lang.String) throws java.lang.InterruptedException]]>
              </value>
            </param>
          </params>
          <reporter-output>
          </reporter-output>
        </test-method> <!-- tearDown -->
        <test-method is-config="true" signature="afterClass()[pri:0, instance:com.orangehrm.test.LoginPageTest@2bd2b28e]" started-at="2025-04-06T11:25:44 IST" name="afterClass" finished-at="2025-04-06T11:25:44 IST" duration-ms="0" status="PASS">
          <reporter-output>
          </reporter-output>
        </test-method> <!-- afterClass -->
      </class> <!-- com.orangehrm.test.LoginPageTest -->
    </test> <!-- OrangeHRMTest -->
  </suite> <!-- OrangeHRMSuite -->
</testng-results>
